6 Force Send Client Hash Packet
8 Custom Window Title
13 Disable Ragexe Filename Check (Recommended)
15 Disable HShield (Recommended)
17 Enable Official Custom Fonts
19 Enable Title Bar Menu
20 Extend Chat Box
23 Enable /who command (Recommended)
25 Fix Camera Angles (LESS)
33 Always Call SelectKoreaClientInfo() (Recommended)
34 Enable /showname (Recommended)
36 Read msgstringtable.txt (Recommended)
37 Read questid2display.txt (Recommended)
38 Remove Gravity Ads (Recommended)
39 Remove Gravity Logo (Recommended)
40 Restore Login Window (Recommended)
41 Disable Nagle Algorithm (Recommended)
44 Translate Client (Recommended)
46 Use Normal Guild Brackets (Recommended)
48 Use Plain Text Descriptions (Recommended)
49 Enable Multiple GRFs (Recommended)
50 Skip License Screen
53 Use Ascii on All LangTypes (Recommended)
61 Disable Packet Encryption
63 Use Official Cloth Palettes
64 @ Bug Fix (Recommended)
71 Ignore Resource Errors
72 Ignore Missing Palette Error
73 Remove Hourly Announce (Recommended)
74 Increase Screenshot Quality
76 Enforce Official Login Background
84 Remove Serial Display (Recommended)
88 Allow space in guild name
90 Enable DNS Support (Recommended)
91 Disconnect to Login Window
97 Cancel to Login Window (Recommended)
100 Disable Multiple Windows
105 Hide Nav Button
106 Hide BG Button
108 Hide Booking Button
213 Disable Help Message on Login (Recommended)
219 Always Show Resurrection Button
